
2013-03-23 07:17:46 | 0.00020466805773431,138.80929279,691.05,0.096774193548387,0,64518.5,9.58 | Data gravity recorded
2013-03-23 07:19:48 | 2.7603062638443E-5,139.04409504,691.05,0.041322314049587,0,114897.4,9.58 | Data gravity recorded
2013-03-23 07:21:34 | 2.7395836963055E-6,139.56032276,691.05,0.028571428571429,0,226442.33333333,7.14 | Data gravity recorded
2013-03-23 07:23:09 | 3.8376005446544E-6,139.98412418,691.05,0.031914893617021,0,204785,7.22 | Data gravity recorded
2013-03-23 07:24:24 | 6.5522940858331E-5,139.57576847,691.05,0.081081081081081,0,78769.5,7.21 | Data gravity recorded
2013-03-23 07:25:17 | 5.1818983116369E-5,139.18465900,691.05,0.076923076923077,0,84002,7.03 | Data gravity recorded
2013-03-23 07:26:10 | 2.1910051742983E-5,139.16716099,691.05,0.057692307692308,0,110438.33333333,6.94 | Data gravity recorded
2013-03-23 07:28:30 | 1.1904011438205E-6,141.12692738,691.05,0.02158273381295,0,304021.66666667,7.23 | Data gravity recorded
2013-03-23 07:30:19 | 2.4202279406754E-6,141.20436192,691.05,0.027777777777778,0,232921,6.96 | Data gravity recorded
2013-03-23 07:31:35 | 6.7000242599084E-6,140.29280186,691.05,0.039473684210526,0,162038.33333333,6.78 | Data gravity recorded
2013-03-23 07:32:58 | 5.8231104245824E-6,140.46885777,691.05,0.037037037037037,0,176418.33333333,7.10 | Data gravity recorded
2013-03-23 07:34:16 | 6.5092500502012E-6,140.32854176,691.05,0.038961038961039,0,165995.66666667,6.89 | Data gravity recorded
2013-03-23 07:36:25 | 1.4617629438369E-6,141.76705647,691.05,0.0234375,0,279810.66666667,7.06 | Data gravity recorded
2013-03-23 07:37:49 | 5.47604587444E-6,140.49132633,691.05,0.036144578313253,0,178213.33333333,7.04 | Data gravity recorded
2013-03-23 07:39:39 | 2.5004621651713E-6,141.23898792,691.05,0.027522935779817,0,235666.66666667,7.19 | Data gravity recorded
2013-03-23 07:40:30 | 2.5926636528508E-5,139.59502506,691.05,0.058823529411765,0,107554,7.27 | Data gravity recorded
2013-03-23 07:41:18 | 3.0391299396302E-5,139.48868656,691.05,0.065217391304348,0,99957.666666667,6.95 | Data gravity recorded
2013-03-23 07:43:36 | 1.2963944941504E-6,142.03429508,691.05,0.021739130434783,0,297783,7.34 | Data gravity recorded
2013-03-23 07:47:04 | 2.6959529755601E-6,143.98480701,691.05,0.028985507246377,0,226008.83333333,6.91 | Data gravity recorded
2013-03-23 07:48:51 | 2.5190179834795E-6,141.13900089,691.05,0.028571428571429,0,227834.33333333,6.85 | Data gravity recorded
2013-03-23 07:50:17 | 5.4869436857438E-6,140.55426884,691.05,0.035714285714286,0,181790.33333333,7.23 | Data gravity recorded
2013-03-23 07:53:16 | 5.1366673848305E-7,143.07754612,691.05,0.016949152542373,0,378693,6.63 | Data gravity recorded
2013-03-23 07:56:03 | 6.7499524672263E-7,142.57447529,691.05,0.018181818181818,0,359068,6.97 | Data gravity recorded
2013-03-23 07:57:08 | 1.2130277146678E-5,139.37628651,691.05,0.047619047619048,0,134169.33333333,6.90 | Data gravity recorded
2013-03-23 07:59:14 | 1.7650776283564E-6,140.57754993,691.05,0.024193548387097,0,270760,7.42 | Data gravity recorded
2013-03-23 08:01:19 | 1.3625562846406E-5,140.55190754,691.05,0.049180327868852,0,134061.66666667,7.16 | Data gravity recorded
2013-03-23 08:02:41 | 4.3070986100207E-5,139.71580982,691.05,0.075,0,86096.166666667,6.64 | Data gravity recorded
2013-03-23 08:04:24 | 3.0320205007312E-6,140.13937092,691.05,0.02970297029703,0,217457,7.06 | Data gravity recorded
2013-03-23 08:06:23 | 1.4151499002863E-5,140.47642231,691.05,0.051282051282051,0,129790.83333333,6.92 | Data gravity recorded
2013-03-23 08:07:35 | 9.7416275107099E-6,139.51146793,691.05,0.042857142857143,0,150341.33333333,7.30 | Data gravity recorded
2013-03-23 08:09:31 | 1.9276457117527E-6,140.41477680,691.05,0.026086956521739,0,250039.33333333,6.90 | Data gravity recorded
2013-03-23 08:11:37 | 1.5710772642179E-6,140.57397938,691.05,0.024390243902439,0,269122.33333333,6.93 | Data gravity recorded
2013-03-23 08:12:37 | 0.00012916526915847,139.28811741,691.05,0.10526315789474,0,61820.5,6.98 | Data gravity recorded
2013-03-23 08:14:10 | 3.6734474995956E-6,139.94554234,691.05,0.032967032967033,0,197678.66666667,6.71 | Data gravity recorded
2013-03-23 08:15:09 | 1.5899077039421E-5,139.28880024,691.05,0.052631578947368,0,122097.33333333,6.84 | Data gravity recorded
2013-03-23 08:16:30 | 6.451278770694E-6,139.71253300,691.05,0.037974683544304,0,170929,7.17 | Data gravity recorded
2013-03-23 08:17:40 | 9.3087569891772E-6,139.50459003,691.05,0.044117647058824,0,147702.33333333,6.91 | Data gravity recorded
2013-03-23 08:19:34 | 2.3095060337174E-6,140.37092686,691.05,0.026785714285714,0,242506.66666667,7.23 | Data gravity recorded
2013-03-23 08:22:56 | 3.753125066004E-7,142.64299107,691.05,0.015,0,437483.66666667,6.97 | Data gravity recorded
2013-03-23 08:23:47 | 2.7137084221998E-5,139.59563160,691.05,0.061224489795918,0,106367,7.21 | Data gravity recorded
2013-03-23 08:24:44 | 1.7843278656475E-5,139.74184895,691.05,0.054545454545455,0,118895.66666667,6.92 | Data gravity recorded
2013-03-23 08:26:30 | 2.57949948406E-6,141.20424366,691.05,0.028571428571429,0,228158.33333333,6.94 | Data gravity recorded
2013-03-23 08:27:29 | 1.6657462209368E-5,139.77584553,691.05,0.052631578947368,0,121939.66666667,6.98 | Data gravity recorded
2013-03-23 08:28:36 | 1.2452827606698E-5,140.03172016,691.05,0.046153846153846,0,141089.33333333,7.45 | Data gravity recorded
2013-03-23 08:29:03 | 0.00032149658418438,138.80717945,691.05,0.14285714285714,0,46484,7.12 | Data gravity recorded
2013-03-23 08:30:59 | 1.9464957433759E-6,141.40643024,691.05,0.026315789473684,0,247524.33333333,6.81 | Data gravity recorded
2013-03-23 08:31:57 | 1.7101816760621E-5,139.78147602,691.05,0.053571428571429,0,120025.66666667,6.90 | Data gravity recorded
2013-03-23 08:32:27 | 0.00016550645827656,138.96708012,691.05,0.11111111111111,0,58213,7.25 | Data gravity recorded
2013-03-23 08:33:39 | 6.9631089247414E-5,140.17037678,691.05,0.085714285714286,0,77420.166666667,7.09 | Data gravity recorded
2013-03-23 08:36:15 | 2.284362192052E-5,142.62218189,691.05,0.058441558441558,0,112265.44444444,7.07 | Data gravity recorded
2013-03-23 08:38:43 | 8.6770465452739E-5,139.10295200,691.05,0.096774193548387,0,68959,6.66 | Data gravity recorded
2013-03-23 08:39:39 | 1.8107106859913E-5,139.76005268,691.05,0.055555555555556,0,117228.33333333,6.81 | Data gravity recorded
2013-03-23 08:40:37 | 5.411018784167E-5,139.38092518,691.05,0.078947368421053,0,81322.333333333,6.86 | Data gravity recorded